<?xml version="1.0" encoding="UTF-8"?>
<!-- Generated by org.testng.reporters.JUnitReportReporter -->
<testsuite hostname="DESKTOP-TLTVK7B" failures="0" tests="1" name="test1.Practice2" time="14.454" errors="0" timestamp="2024-06-25T21:23:17 IST" skipped="0">
  <testcase classname="test1.Practice2" name="fetchMultileElements" time="14.454"/>
</testsuite> <!-- test1.Practice2 -->
