<?xml version="1.0" encoding="UTF-8"?>
<!-- Generated by org.testng.reporters.JUnitReportReporter -->
<testsuite hostname="DESKTOP-TLTVK7B" failures="0" tests="1" name="test1.Practice1" time="21.778" errors="0" timestamp="2024-07-25T22:01:50 IST" skipped="0">
  <testcase classname="test1.Practice1" name="AmazonMobiles" time="21.778"/>
</testsuite> <!-- test1.Practice1 -->
