<?xml version="1.0" encoding="UTF-8"?>
<!-- Generated by org.testng.reporters.JUnitReportReporter -->
<testsuite hostname="DESKTOP-TLTVK7B" failures="0" tests="1" name="test.Test1" time="12.362" errors="0" timestamp="2024-06-25T20:08:01 IST" skipped="0">
  <testcase classname="test.Test1" name="LaunchBrowser" time="12.362"/>
</testsuite> <!-- test.Test1 -->
