<?xml version="1.0" encoding="UTF-8"?>
<!-- Generated by org.testng.reporters.JUnitReportReporter -->
<testsuite hostname="DESKTOP-TLTVK7B" failures="0" tests="1" name="test.AmazonArrayListUsage" time="10.792" errors="0" timestamp="2024-07-25T22:02:39 IST" skipped="0">
  <testcase classname="test.AmazonArrayListUsage" name="Test" time="10.792"/>
</testsuite> <!-- test.AmazonArrayListUsage -->
